 ⚠ Invalid next.config.js options detected: 
 ⚠     Unrecognized key(s) in object: 'swcMinify'
 ⚠ See more info here: https://nextjs.org/docs/messages/invalid-next-config
[Error: Cannot apply unknown utility class: p-4]


===== TS errors =====

[Test Mode] ./components/ui/alert.tsx:2:40
Type error: Cannot find module 'class-variance-authority' or its corresponding type declarations.

[0m [90m 1 |[39m [36mimport[39m [33m*[39m [36mas[39m [33mReact[39m [36mfrom[39m [32m'react'[39m[33m;[39m[0m
[0m[31m[1m>[22m[39m[90m 2 |[39m [36mimport[39m { cva[33m,[39m type [33mVariantProps[39m } [36mfrom[39m [32m'class-variance-authority'[39m[33m;[39m[0m
[0m [90m   |[39m                                        [31m[1m^[22m[39m[0m
[0m [90m 3 |[39m[0m
[0m [90m 4 |[39m [36mimport[39m { cn } [36mfrom[39m [32m'@/lib/utils'[39m[33m;[39m[0m
[0m [90m 5 |[39m[0m

[Test Mode] ./components/ui/aspect-ratio.tsx:3:39
Type error: Cannot find module '@radix-ui/react-aspect-ratio' or its corresponding type declarations.

[0m [90m 1 |[39m [32m'use client'[39m[33m;[39m[0m
[0m [90m 2 |[39m[0m
[0m[31m[1m>[22m[39m[90m 3 |[39m [36mimport[39m [33m*[39m [36mas[39m [33mAspectRatioPrimitive[39m [36mfrom[39m [32m'@radix-ui/react-aspect-ratio'[39m[33m;[39m[0m
[0m [90m   |[39m                                       [31m[1m^[22m[39m[0m
[0m [90m 4 |[39m[0m
[0m [90m 5 |[39m [36mconst[39m [33mAspectRatio[39m [33m=[39m [33mAspectRatioPrimitive[39m[33m.[39m[33mRoot[39m[33m;[39m[0m
[0m [90m 6 |[39m[0m

[Test Mode] ./components/ui/avatar.tsx:4:34
Type error: Cannot find module '@radix-ui/react-avatar' or its corresponding type declarations.

[0m [90m 2 |[39m[0m
[0m [90m 3 |[39m [36mimport[39m [33m*[39m [36mas[39m [33mReact[39m [36mfrom[39m [32m'react'[39m[33m;[39m[0m
[0m[31m[1m>[22m[39m[90m 4 |[39m [36mimport[39m [33m*[39m [36mas[39m [33mAvatarPrimitive[39m [36mfrom[39m [32m'@radix-ui/react-avatar'[39m[33m;[39m[0m
[0m [90m   |[39m                                  [31m[1m^[22m[39m[0m
[0m [90m 5 |[39m[0m
[0m [90m 6 |[39m [36mimport[39m { cn } [36mfrom[39m [32m'@/lib/utils'[39m[33m;[39m[0m
[0m [90m 7 |[39m[0m

[Test Mode] ./components/ui/badge.tsx:2:40
Type error: Cannot find module 'class-variance-authority' or its corresponding type declarations.

[0m [90m 1 |[39m [36mimport[39m [33m*[39m [36mas[39m [33mReact[39m [36mfrom[39m [32m'react'[39m[33m;[39m[0m
[0m[31m[1m>[22m[39m[90m 2 |[39m [36mimport[39m { cva[33m,[39m type [33mVariantProps[39m } [36mfrom[39m [32m'class-variance-authority'[39m[33m;[39m[0m
[0m [90m   |[39m                                        [31m[1m^[22m[39m[0m
[0m [90m 3 |[39m[0m
[0m [90m 4 |[39m [36mimport[39m { cn } [36mfrom[39m [32m'@/lib/utils'[39m[33m;[39m[0m
[0m [90m 5 |[39m[0m

[Test Mode] ./components/ui/badge.tsx:30:29
Type error: Property 'variant' does not exist on type 'BadgeProps'.

[0m [90m 28 |[39m     [33mVariantProps[39m[33m<[39m[36mtypeof[39m badgeVariants[33m>[39m {}[0m
[0m [90m 29 |[39m[0m
[0m[31m[1m>[22m[39m[90m 30 |[39m [36mfunction[39m [33mBadge[39m({ className[33m,[39m variant[33m,[39m [33m...[39mprops }[33m:[39m [33mBadgeProps[39m) {[0m
[0m [90m    |[39m                             [31m[1m^[22m[39m[0m
[0m [90m 31 |[39m   [36mreturn[39m ([0m
[0m [90m 32 |[39m     [33m<[39m[33mdiv[39m className[33m=[39m{cn(badgeVariants({ variant })[33m,[39m className)} {[33m...[39mprops} [33m/[39m[33m>[39m[0m
[0m [90m 33 |[39m   )[33m;[39m[0m

[Test Mode] ./components/ui/button.tsx:3:40
Type error: Cannot find module 'class-variance-authority' or its corresponding type declarations.

[0m [90m 1 |[39m [36mimport[39m [33m*[39m [36mas[39m [33mReact[39m [36mfrom[39m [32m"react"[39m[0m
[0m [90m 2 |[39m [36mimport[39m { [33mSlot[39m } [36mfrom[39m [32m"@radix-ui/react-slot"[39m[0m
[0m[31m[1m>[22m[39m[90m 3 |[39m [36mimport[39m { cva[33m,[39m type [33mVariantProps[39m } [36mfrom[39m [32m"class-variance-authority"[39m[0m
[0m [90m   |[39m                                        [31m[1m^[22m[39m[0m
[0m [90m 4 |[39m[0m
[0m [90m 5 |[39m [36mimport[39m { cn } [36mfrom[39m [32m"@/lib/utils"[39m[0m
[0m [90m 6 |[39m[0m

[Test Mode] ./components/ui/button.tsx:43:17
Type error: Property 'variant' does not exist on type 'ButtonProps'.

[0m [90m 41 |[39m[0m
[0m [90m 42 |[39m [36mconst[39m [33mButton[39m [33m=[39m [33mReact[39m[33m.[39mforwardRef[33m<[39m[33mHTMLButtonElement[39m[33m,[39m [33mButtonProps[39m[33m>[39m([0m
[0m[31m[1m>[22m[39m[90m 43 |[39m   ({ className[33m,[39m variant[33m,[39m size[33m,[39m asChild [33m=[39m [36mfalse[39m[33m,[39m [33m...[39mprops }[33m,[39m ref) [33m=>[39m {[0m
[0m [90m    |[39m                 [31m[1m^[22m[39m[0m
[0m [90m 44 |[39m     [36mconst[39m [33mComp[39m [33m=[39m asChild [33m?[39m [33mSlot[39m [33m:[39m [32m"button"[39m[0m
[0m [90m 45 |[39m     [36mreturn[39m ([0m
[0m [90m 46 |[39m       [33m<[39m[33mComp[39m[0m

[Test Mode] ./components/ui/button.tsx:43:26
Type error: Property 'size' does not exist on type 'ButtonProps'.

[0m [90m 41 |[39m[0m
[0m [90m 42 |[39m [36mconst[39m [33mButton[39m [33m=[39m [33mReact[39m[33m.[39mforwardRef[33m<[39m[33mHTMLButtonElement[39m[33m,[39m [33mButtonProps[39m[33m>[39m([0m
[0m[31m[1m>[22m[39m[90m 43 |[39m   ({ className[33m,[39m variant[33m,[39m size[33m,[39m asChild [33m=[39m [36mfalse[39m[33m,[39m [33m...[39mprops }[33m,[39m ref) [33m=>[39m {[0m
[0m [90m    |[39m                          [31m[1m^[22m[39m[0m
[0m [90m 44 |[39m     [36mconst[39m [33mComp[39m [33m=[39m asChild [33m?[39m [33mSlot[39m [33m:[39m [32m"button"[39m[0m
[0m [90m 45 |[39m     [36mreturn[39m ([0m
[0m [90m 46 |[39m       [33m<[39m[33mComp[39m[0m

[Test Mode] ./components/ui/calendar.tsx:5:27
Type error: Cannot find module 'react-day-picker' or its corresponding type declarations.

[0m [90m 3 |[39m [36mimport[39m [33m*[39m [36mas[39m [33mReact[39m [36mfrom[39m [32m'react'[39m[33m;[39m[0m
[0m [90m 4 |[39m [36mimport[39m { [33mChevronLeft[39m[33m,[39m [33mChevronRight[39m } [36mfrom[39m [32m'lucide-react'[39m[33m;[39m[0m
[0m[31m[1m>[22m[39m[90m 5 |[39m [36mimport[39m { [33mDayPicker[39m } [36mfrom[39m [32m'react-day-picker'[39m[33m;[39m[0m
[0m [90m   |[39m                           [31m[1m^[22m[39m[0m
[0m [90m 6 |[39m[0m
[0m [90m 7 |[39m [36mimport[39m { cn } [36mfrom[39m [32m'@/lib/utils'[39m[33m;[39m[0m
[0m [90m 8 |[39m [36mimport[39m { buttonVariants } [36mfrom[39m [32m'@/components/ui/button'[39m[33m;[39m[0m

[Test Mode] ./components/ui/carousel.tsx:6:8
Type error: Cannot find module 'embla-carousel-react' or its corresponding type declarations.

[0m [90m 4 |[39m [36mimport[39m useEmblaCarousel[33m,[39m {[0m
[0m [90m 5 |[39m   type [33mUseEmblaCarouselType[39m[33m,[39m[0m
[0m[31m[1m>[22m[39m[90m 6 |[39m } [36mfrom[39m [32m'embla-carousel-react'[39m[33m;[39m[0m
[0m [90m   |[39m        [31m[1m^[22m[39m[0m
[0m [90m 7 |[39m [36mimport[39m { [33mArrowLeft[39m[33m,[39m [33mArrowRight[39m } [36mfrom[39m [32m'lucide-react'[39m[33m;[39m[0m
[0m [90m 8 |[39m[0m
[0m [90m 9 |[39m [36mimport[39m { cn } [36mfrom[39m [32m'@/lib/utils'[39m[33m;[39m[0m

[Test Mode] ./components/ui/carousel.tsx:200:17
Type error: Property 'variant' does not exist on type 'Omit<ButtonProps & RefAttributes<HTMLButtonElement>, "ref">'.

[0m [90m 198 |[39m   [33mHTMLButtonElement[39m[33m,[39m[0m
[0m [90m 199 |[39m   [33mReact[39m[33m.[39m[33mComponentProps[39m[33m<[39m[36mtypeof[39m [33mButton[39m[33m>[39m[0m
[0m[31m[1m>[22m[39m[90m 200 |[39m [33m>[39m(({ className[33m,[39m variant [33m=[39m [32m'outline'[39m[33m,[39m size [33m=[39m [32m'icon'[39m[33m,[39m [33m...[39mprops }[33m,[39m ref) [33m=>[39m {[0m
[0m [90m     |[39m                 [31m[1m^[22m[39m[0m
[0m [90m 201 |[39m   [36mconst[39m { orientation[33m,[39m scrollPrev[33m,[39m canScrollPrev } [33m=[39m useCarousel()[33m;[39m[0m
[0m [90m 202 |[39m[0m
[0m [90m 203 |[39m   [36mreturn[39m ([0m

[Test Mode] ./components/ui/carousel.tsx:200:38
Type error: Property 'size' does not exist on type 'Omit<ButtonProps & RefAttributes<HTMLButtonElement>, "ref">'.

[0m [90m 198 |[39m   [33mHTMLButtonElement[39m[33m,[39m[0m
[0m [90m 199 |[39m   [33mReact[39m[33m.[39m[33mComponentProps[39m[33m<[39m[36mtypeof[39m [33mButton[39m[33m>[39m[0m
[0m[31m[1m>[22m[39m[90m 200 |[39m [33m>[39m(({ className[33m,[39m variant [33m=[39m [32m'outline'[39m[33m,[39m size [33m=[39m [32m'icon'[39m[33m,[39m [33m...[39mprops }[33m,[39m ref) [33m=>[39m {[0m
[0m [90m     |[39m                                      [31m[1m^[22m[39m[0m
[0m [90m 201 |[39m   [36mconst[39m { orientation[33m,[39m scrollPrev[33m,[39m canScrollPrev } [33m=[39m useCarousel()[33m;[39m[0m
[0m [90m 202 |[39m[0m
[0m [90m 203 |[39m   [36mreturn[39m ([0m

[Test Mode] ./components/ui/carousel.tsx:206:7
Type error: Type '{ children: Element[]; lang?: string | undefined; onSubmit?: FormEventHandler<HTMLButtonElement> | undefined; form?: string | undefined; ... 289 more ...; className: string; }' is not assignable to type 'IntrinsicAttributes & ButtonProps & RefAttributes<HTMLButtonElement>'.
  Property 'variant' does not exist on type 'IntrinsicAttributes & ButtonProps & RefAttributes<HTMLButtonElement>'.

[0m [90m 204 |[39m     [33m<[39m[33mButton[39m[0m
[0m [90m 205 |[39m       ref[33m=[39m{ref}[0m
[0m[31m[1m>[22m[39m[90m 206 |[39m       variant[33m=[39m{variant}[0m
[0m [90m     |[39m       [31m[1m^[22m[39m[0m
[0m [90m 207 |[39m       size[33m=[39m{size}[0m
[0m [90m 208 |[39m       className[33m=[39m{cn([0m
[0m [90m 209 |[39m         [32m'absolute  h-8 w-8 rounded-full'[39m[33m,[39m[0m

[Test Mode] ./components/ui/carousel.tsx:229:17
Type error: Property 'variant' does not exist on type 'Omit<ButtonProps & RefAttributes<HTMLButtonElement>, "ref">'.

[0m [90m 227 |[39m   [33mHTMLButtonElement[39m[33m,[39m[0m
[0m [90m 228 |[39m   [33mReact[39m[33m.[39m[33mComponentProps[39m[33m<[39m[36mtypeof[39m [33mButton[39m[33m>[39m[0m
[0m[31m[1m>[22m[39m[90m 229 |[39m [33m>[39m(({ className[33m,[39m variant [33m=[39m [32m'outline'[39m[33m,[39m size [33m=[39m [32m'icon'[39m[33m,[39m [33m...[39mprops }[33m,[39m ref) [33m=>[39m {[0m
[0m [90m     |[39m                 [31m[1m^[22m[39m[0m
[0m [90m 230 |[39m   [36mconst[39m { orientation[33m,[39m scrollNext[33m,[39m canScrollNext } [33m=[39m useCarousel()[33m;[39m[0m
[0m [90m 231 |[39m[0m
[0m [90m 232 |[39m   [36mreturn[39m ([0m

[Test Mode] ./components/ui/carousel.tsx:229:38
Type error: Property 'size' does not exist on type 'Omit<ButtonProps & RefAttributes<HTMLButtonElement>, "ref">'.

[0m [90m 227 |[39m   [33mHTMLButtonElement[39m[33m,[39m[0m
[0m [90m 228 |[39m   [33mReact[39m[33m.[39m[33mComponentProps[39m[33m<[39m[36mtypeof[39m [33mButton[39m[33m>[39m[0m
[0m[31m[1m>[22m[39m[90m 229 |[39m [33m>[39m(({ className[33m,[39m variant [33m=[39m [32m'outline'[39m[33m,[39m size [33m=[39m [32m'icon'[39m[33m,[39m [33m...[39mprops }[33m,[39m ref) [33m=>[39m {[0m
[0m [90m     |[39m                                      [31m[1m^[22m[39m[0m
[0m [90m 230 |[39m   [36mconst[39m { orientation[33m,[39m scrollNext[33m,[39m canScrollNext } [33m=[39m useCarousel()[33m;[39m[0m
[0m [90m 231 |[39m[0m
[0m [90m 232 |[39m   [36mreturn[39m ([0m

[Test Mode] ./components/ui/carousel.tsx:235:7
Type error: Type '{ children: Element[]; lang?: string | undefined; onSubmit?: FormEventHandler<HTMLButtonElement> | undefined; form?: string | undefined; ... 289 more ...; className: string; }' is not assignable to type 'IntrinsicAttributes & ButtonProps & RefAttributes<HTMLButtonElement>'.
  Property 'variant' does not exist on type 'IntrinsicAttributes & ButtonProps & RefAttributes<HTMLButtonElement>'.

[0m [90m 233 |[39m     [33m<[39m[33mButton[39m[0m
[0m [90m 234 |[39m       ref[33m=[39m{ref}[0m
[0m[31m[1m>[22m[39m[90m 235 |[39m       variant[33m=[39m{variant}[0m
[0m [90m     |[39m       [31m[1m^[22m[39m[0m
[0m [90m 236 |[39m       size[33m=[39m{size}[0m
[0m [90m 237 |[39m       className[33m=[39m{cn([0m
[0m [90m 238 |[39m         [32m'absolute h-8 w-8 rounded-full'[39m[33m,[39m[0m

[Test Mode] ./components/ui/checkbox.tsx:4:36
Type error: Cannot find module '@radix-ui/react-checkbox' or its corresponding type declarations.

[0m [90m 2 |[39m[0m
[0m [90m 3 |[39m [36mimport[39m [33m*[39m [36mas[39m [33mReact[39m [36mfrom[39m [32m'react'[39m[33m;[39m[0m
[0m[31m[1m>[22m[39m[90m 4 |[39m [36mimport[39m [33m*[39m [36mas[39m [33mCheckboxPrimitive[39m [36mfrom[39m [32m'@radix-ui/react-checkbox'[39m[33m;[39m[0m
[0m [90m   |[39m                                    [31m[1m^[22m[39m[0m
[0m [90m 5 |[39m [36mimport[39m { [33mCheck[39m } [36mfrom[39m [32m'lucide-react'[39m[33m;[39m[0m
[0m [90m 6 |[39m[0m
[0m [90m 7 |[39m [36mimport[39m { cn } [36mfrom[39m [32m'@/lib/utils'[39m[33m;[39m[0m

[Test Mode] ./components/ui/command.tsx:5:45
Type error: Cannot find module 'cmdk' or its corresponding type declarations.

[0m [90m 3 |[39m [36mimport[39m [33m*[39m [36mas[39m [33mReact[39m [36mfrom[39m [32m'react'[39m[33m;[39m[0m
[0m [90m 4 |[39m [36mimport[39m { type [33mDialogProps[39m } [36mfrom[39m [32m'@radix-ui/react-dialog'[39m[33m;[39m[0m
[0m[31m[1m>[22m[39m[90m 5 |[39m [36mimport[39m { [33mCommand[39m [36mas[39m [33mCommandPrimitive[39m } [36mfrom[39m [32m'cmdk'[39m[33m;[39m[0m
[0m [90m   |[39m                                             [31m[1m^[22m[39m[0m
[0m [90m 6 |[39m [36mimport[39m { [33mSearch[39m } [36mfrom[39m [32m'lucide-react'[39m[33m;[39m[0m
[0m [90m 7 |[39m[0m
[0m [90m 8 |[39m [36mimport[39m { cn } [36mfrom[39m [32m'@/lib/utils'[39m[33m;[39m[0m

[Test Mode] ./components/ui/context-menu.tsx:4:39
Type error: Cannot find module '@radix-ui/react-context-menu' or its corresponding type declarations.

[0m [90m 2 |[39m[0m
[0m [90m 3 |[39m [36mimport[39m [33m*[39m [36mas[39m [33mReact[39m [36mfrom[39m [32m'react'[39m[33m;[39m[0m
[0m[31m[1m>[22m[39m[90m 4 |[39m [36mimport[39m [33m*[39m [36mas[39m [33mContextMenuPrimitive[39m [36mfrom[39m [32m'@radix-ui/react-context-menu'[39m[33m;[39m[0m
[0m [90m   |[39m                                       [31m[1m^[22m[39m[0m
[0m [90m 5 |[39m [36mimport[39m { [33mCheck[39m[33m,[39m [33mChevronRight[39m[33m,[39m [33mCircle[39m } [36mfrom[39m [32m'lucide-react'[39m[33m;[39m[0m
[0m [90m 6 |[39m[0m
[0m [90m 7 |[39m [36mimport[39m { cn } [36mfrom[39m [32m'@/lib/utils'[39m[33m;[39m[0m

[Test Mode] ./components/ui/date-range-picker.tsx:2:24
Type error: Cannot find module 'date-fns' or its corresponding type declarations.

[0m [90m 1 |[39m [36mimport[39m [33m*[39m [36mas[39m [33mReact[39m [36mfrom[39m [32m"react"[39m[33m;[39m[0m
[0m[31m[1m>[22m[39m[90m 2 |[39m [36mimport[39m { format } [36mfrom[39m [32m"date-fns"[39m[33m;[39m[0m
[0m [90m   |[39m                        [31m[1m^[22m[39m[0m
[0m [90m 3 |[39m [36mimport[39m { [33mCalendar[39m [36mas[39m [33mCalendarIcon[39m } [36mfrom[39m [32m"lucide-react"[39m[33m;[39m[0m
[0m [90m 4 |[39m [36mimport[39m { [33mDateRange[39m } [36mfrom[39m [32m"react-day-picker"[39m[33m;[39m[0m
[0m [90m 5 |[39m [36mimport[39m { cn } [36mfrom[39m [32m"@/lib/utils"[39m[33m;[39m[0m

[Test Mode] ./components/ui/date-range-picker.tsx:4:27
Type error: Cannot find module 'react-day-picker' or its corresponding type declarations.

[0m [90m 2 |[39m [36mimport[39m { format } [36mfrom[39m [32m"date-fns"[39m[33m;[39m[0m
[0m [90m 3 |[39m [36mimport[39m { [33mCalendar[39m [36mas[39m [33mCalendarIcon[39m } [36mfrom[39m [32m"lucide-react"[39m[33m;[39m[0m
[0m[31m[1m>[22m[39m[90m 4 |[39m [36mimport[39m { [33mDateRange[39m } [36mfrom[39m [32m"react-day-picker"[39m[33m;[39m[0m
[0m [90m   |[39m                           [31m[1m^[22m[39m[0m
[0m [90m 5 |[39m [36mimport[39m { cn } [36mfrom[39m [32m"@/lib/utils"[39m[33m;[39m[0m
[0m [90m 6 |[39m [36mimport[39m { [33mButton[39m } [36mfrom[39m [32m"@/components/ui/button"[39m[33m;[39m[0m
[0m [90m 7 |[39m [36mimport[39m { [33mCalendar[39m } [36mfrom[39m [32m"@/components/ui/calendar"[39m[33m;[39m[0m

[Test Mode] ./components/ui/date-range-picker.tsx:31:13
Type error: Type '{ children: any[]; id: string; variant: string; className: string; }' is not assignable to type 'IntrinsicAttributes & ButtonProps & RefAttributes<HTMLButtonElement>'.
  Property 'variant' does not exist on type 'IntrinsicAttributes & ButtonProps & RefAttributes<HTMLButtonElement>'.

[0m [90m 29 |[39m           [33m<[39m[33mButton[39m[0m
[0m [90m 30 |[39m             id[33m=[39m[32m"date"[39m[0m
[0m[31m[1m>[22m[39m[90m 31 |[39m             variant[33m=[39m{[32m"outline"[39m}[0m
[0m [90m    |[39m             [31m[1m^[22m[39m[0m
[0m [90m 32 |[39m             className[33m=[39m{cn([0m
[0m [90m 33 |[39m               [32m"w-[300px] justify-start text-left font-normal"[39m[33m,[39m[0m
[0m [90m 34 |[39m               [33m![39mvalue [33m&&[39m [32m"text-muted-foreground"[39m[0m

[Test Mode] ./components/ui/date-range-picker.tsx:58:24
Type error: Parameter 'value' implicitly has an 'any' type.

[0m [90m 56 |[39m             defaultMonth[33m=[39m{value[33m?[39m[33m.[39m[36mfrom[39m}[0m
[0m [90m 57 |[39m             selected[33m=[39m{value}[0m
[0m[31m[1m>[22m[39m[90m 58 |[39m             onSelect[33m=[39m{(value) [33m=>[39m onChange(value [36mas[39m [33mDateRange[39m)}[0m
[0m [90m    |[39m                        [31m[1m^[22m[39m[0m
[0m [90m 59 |[39m             numberOfMonths[33m=[39m{[35m2[39m}[0m
[0m [90m 60 |[39m           [33m/[39m[33m>[39m[0m
[0m [90m 61 |[39m         [33m<[39m[33m/[39m[33mPopoverContent[39m[33m>[39m[0m

[Test Mode] ./components/ui/drawer.tsx:4:43
Type error: Cannot find module 'vaul' or its corresponding type declarations.

[0m [90m 2 |[39m[0m
[0m [90m 3 |[39m [36mimport[39m [33m*[39m [36mas[39m [33mReact[39m [36mfrom[39m [32m'react'[39m[33m;[39m[0m
[0m[31m[1m>[22m[39m[90m 4 |[39m [36mimport[39m { [33mDrawer[39m [36mas[39m [33mDrawerPrimitive[39m } [36mfrom[39m [32m'vaul'[39m[33m;[39m[0m
[0m [90m   |[39m                                           [31m[1m^[22m[39m[0m
[0m [90m 5 |[39m[0m
[0m [90m 6 |[39m [36mimport[39m { cn } [36mfrom[39m [32m'@/lib/utils'[39m[33m;[39m[0m
[0m [90m 7 |[39m[0m

[Test Mode] ./components/ui/dropdown-menu.tsx:4:40
Type error: Cannot find module '@radix-ui/react-dropdown-menu' or its corresponding type declarations.

[0m [90m 2 |[39m[0m
[0m [90m 3 |[39m [36mimport[39m [33m*[39m [36mas[39m [33mReact[39m [36mfrom[39m [32m'react'[39m[33m;[39m[0m
[0m[31m[1m>[22m[39m[90m 4 |[39m [36mimport[39m [33m*[39m [36mas[39m [33mDropdownMenuPrimitive[39m [36mfrom[39m [32m'@radix-ui/react-dropdown-menu'[39m[33m;[39m[0m
[0m [90m   |[39m                                        [31m[1m^[22m[39m[0m
[0m [90m 5 |[39m [36mimport[39m { [33mCheck[39m[33m,[39m [33mChevronRight[39m[33m,[39m [33mCircle[39m } [36mfrom[39m [32m'lucide-react'[39m[33m;[39m[0m
[0m [90m 6 |[39m[0m
[0m [90m 7 |[39m [36mimport[39m { cn } [36mfrom[39m [32m'@/lib/utils'[39m[33m;[39m[0m

[Test Mode] ./components/ui/form.tsx:4:33
Type error: Cannot find module '@radix-ui/react-label' or its corresponding type declarations.

[0m [90m 2 |[39m[0m
[0m [90m 3 |[39m [36mimport[39m [33m*[39m [36mas[39m [33mReact[39m [36mfrom[39m [32m'react'[39m[33m;[39m[0m
[0m[31m[1m>[22m[39m[90m 4 |[39m [36mimport[39m [33m*[39m [36mas[39m [33mLabelPrimitive[39m [36mfrom[39m [32m'@radix-ui/react-label'[39m[33m;[39m[0m
[0m [90m   |[39m                                 [31m[1m^[22m[39m[0m
[0m [90m 5 |[39m [36mimport[39m { [33mSlot[39m } [36mfrom[39m [32m'@radix-ui/react-slot'[39m[33m;[39m[0m
[0m [90m 6 |[39m [36mimport[39m {[0m
[0m [90m 7 |[39m   [33mController[39m[33m,[39m[0m

[Test Mode] ./components/ui/form.tsx:13:8
Type error: Cannot find module 'react-hook-form' or its corresponding type declarations.

[0m [90m 11 |[39m   [33mFormProvider[39m[33m,[39m[0m
[0m [90m 12 |[39m   useFormContext[33m,[39m[0m
[0m[31m[1m>[22m[39m[90m 13 |[39m } [36mfrom[39m [32m'react-hook-form'[39m[33m;[39m[0m
[0m [90m    |[39m        [31m[1m^[22m[39m[0m
[0m [90m 14 |[39m[0m
[0m [90m 15 |[39m [36mimport[39m { cn } [36mfrom[39m [32m'@/lib/utils'[39m[33m;[39m[0m
[0m [90m 16 |[39m [36mimport[39m { [33mLabel[39m } [36mfrom[39m [32m'@/components/ui/label'[39m[33m;[39m[0m

[Test Mode] ./components/ui/hover-card.tsx:4:37
Type error: Cannot find module '@radix-ui/react-hover-card' or its corresponding type declarations.

[0m [90m 2 |[39m[0m
[0m [90m 3 |[39m [36mimport[39m [33m*[39m [36mas[39m [33mReact[39m [36mfrom[39m [32m'react'[39m[33m;[39m[0m
[0m[31m[1m>[22m[39m[90m 4 |[39m [36mimport[39m [33m*[39m [36mas[39m [33mHoverCardPrimitive[39m [36mfrom[39m [32m'@radix-ui/react-hover-card'[39m[33m;[39m[0m
[0m [90m   |[39m                                     [31m[1m^[22m[39m[0m
[0m [90m 5 |[39m[0m
[0m [90m 6 |[39m [36mimport[39m { cn } [36mfrom[39m [32m'@/lib/utils'[39m[33m;[39m[0m
[0m [90m 7 |[39m[0m

[Test Mode] ./components/ui/input-otp.tsx:4:43
Type error: Cannot find module 'input-otp' or its corresponding type declarations.

[0m [90m 2 |[39m[0m
[0m [90m 3 |[39m [36mimport[39m [33m*[39m [36mas[39m [33mReact[39m [36mfrom[39m [32m'react'[39m[33m;[39m[0m
[0m[31m[1m>[22m[39m[90m 4 |[39m [36mimport[39m { [33mOTPInput[39m[33m,[39m [33mOTPInputContext[39m } [36mfrom[39m [32m'input-otp'[39m[33m;[39m[0m
[0m [90m   |[39m                                           [31m[1m^[22m[39m[0m
[0m [90m 5 |[39m [36mimport[39m { [33mDot[39m } [36mfrom[39m [32m'lucide-react'[39m[33m;[39m[0m
[0m [90m 6 |[39m[0m
[0m [90m 7 |[39m [36mimport[39m { cn } [36mfrom[39m [32m'@/lib/utils'[39m[33m;[39m[0m

[Test Mode] ./components/ui/input-otp.tsx:38:44
Type error: 'inputOTPContext' is of type 'unknown'.

[0m [90m 36 |[39m [33m>[39m(({ index[33m,[39m className[33m,[39m [33m...[39mprops }[33m,[39m ref) [33m=>[39m {[0m
[0m [90m 37 |[39m   [36mconst[39m inputOTPContext [33m=[39m [33mReact[39m[33m.[39museContext([33mOTPInputContext[39m)[33m;[39m[0m
[0m[31m[1m>[22m[39m[90m 38 |[39m   [36mconst[39m { char[33m,[39m hasFakeCaret[33m,[39m isActive } [33m=[39m inputOTPContext[33m.[39mslots[index][33m;[39m[0m
[0m [90m    |[39m                                            [31m[1m^[22m[39m[0m
[0m [90m 39 |[39m[0m
[0m [90m 40 |[39m   [36mreturn[39m ([0m
[0m [90m 41 |[39m     [33m<[39m[33mdiv[39m[0m

[Test Mode] ./components/ui/label.tsx:4:33
Type error: Cannot find module '@radix-ui/react-label' or its corresponding type declarations.

[0m [90m 2 |[39m[0m
[0m [90m 3 |[39m [36mimport[39m [33m*[39m [36mas[39m [33mReact[39m [36mfrom[39m [32m"react"[39m[0m
[0m[31m[1m>[22m[39m[90m 4 |[39m [36mimport[39m [33m*[39m [36mas[39m [33mLabelPrimitive[39m [36mfrom[39m [32m"@radix-ui/react-label"[39m[0m
[0m [90m   |[39m                                 [31m[1m^[22m[39m[0m
[0m [90m 5 |[39m [36mimport[39m { cva[33m,[39m type [33mVariantProps[39m } [36mfrom[39m [32m"class-variance-authority"[39m[0m
[0m [90m 6 |[39m[0m
[0m [90m 7 |[39m [36mimport[39m { cn } [36mfrom[39m [32m"@/lib/utils"[39m[0m

[Test Mode] ./components/ui/label.tsx:5:40
Type error: Cannot find module 'class-variance-authority' or its corresponding type declarations.

[0m [90m 3 |[39m [36mimport[39m [33m*[39m [36mas[39m [33mReact[39m [36mfrom[39m [32m"react"[39m[0m
[0m [90m 4 |[39m [36mimport[39m [33m*[39m [36mas[39m [33mLabelPrimitive[39m [36mfrom[39m [32m"@radix-ui/react-label"[39m[0m
[0m[31m[1m>[22m[39m[90m 5 |[39m [36mimport[39m { cva[33m,[39m type [33mVariantProps[39m } [36mfrom[39m [32m"class-variance-authority"[39m[0m
[0m [90m   |[39m                                        [31m[1m^[22m[39m[0m
[0m [90m 6 |[39m[0m
[0m [90m 7 |[39m [36mimport[39m { cn } [36mfrom[39m [32m"@/lib/utils"[39m[0m
[0m [90m 8 |[39m[0m

[Test Mode] ./components/ui/menubar.tsx:4:35
Type error: Cannot find module '@radix-ui/react-menubar' or its corresponding type declarations.

[0m [90m 2 |[39m[0m
[0m [90m 3 |[39m [36mimport[39m [33m*[39m [36mas[39m [33mReact[39m [36mfrom[39m [32m'react'[39m[33m;[39m[0m
[0m[31m[1m>[22m[39m[90m 4 |[39m [36mimport[39m [33m*[39m [36mas[39m [33mMenubarPrimitive[39m [36mfrom[39m [32m'@radix-ui/react-menubar'[39m[33m;[39m[0m
[0m [90m   |[39m                                   [31m[1m^[22m[39m[0m
[0m [90m 5 |[39m [36mimport[39m { [33mCheck[39m[33m,[39m [33mChevronRight[39m[33m,[39m [33mCircle[39m } [36mfrom[39m [32m'lucide-react'[39m[33m;[39m[0m
[0m [90m 6 |[39m[0m
[0m [90m 7 |[39m [36mimport[39m { cn } [36mfrom[39m [32m'@/lib/utils'[39m[33m;[39m[0m

[Test Mode] ./components/ui/navigation-menu.tsx:2:42
Type error: Cannot find module '@radix-ui/react-navigation-menu' or its corresponding type declarations.

[0m [90m 1 |[39m [36mimport[39m [33m*[39m [36mas[39m [33mReact[39m [36mfrom[39m [32m'react'[39m[33m;[39m[0m
[0m[31m[1m>[22m[39m[90m 2 |[39m [36mimport[39m [33m*[39m [36mas[39m [33mNavigationMenuPrimitive[39m [36mfrom[39m [32m'@radix-ui/react-navigation-menu'[39m[33m;[39m[0m
[0m [90m   |[39m                                          [31m[1m^[22m[39m[0m
[0m [90m 3 |[39m [36mimport[39m { cva } [36mfrom[39m [32m'class-variance-authority'[39m[33m;[39m[0m
[0m [90m 4 |[39m [36mimport[39m { [33mChevronDown[39m } [36mfrom[39m [32m'lucide-react'[39m[33m;[39m[0m
[0m [90m 5 |[39m[0m

[Test Mode] ./components/ui/navigation-menu.tsx:3:21
Type error: Cannot find module 'class-variance-authority' or its corresponding type declarations.

[0m [90m 1 |[39m [36mimport[39m [33m*[39m [36mas[39m [33mReact[39m [36mfrom[39m [32m'react'[39m[33m;[39m[0m
[0m [90m 2 |[39m [36mimport[39m [33m*[39m [36mas[39m [33mNavigationMenuPrimitive[39m [36mfrom[39m [32m'@radix-ui/react-navigation-menu'[39m[33m;[39m[0m
[0m[31m[1m>[22m[39m[90m 3 |[39m [36mimport[39m { cva } [36mfrom[39m [32m'class-variance-authority'[39m[33m;[39m[0m
[0m [90m   |[39m                     [31m[1m^[22m[39m[0m
[0m [90m 4 |[39m [36mimport[39m { [33mChevronDown[39m } [36mfrom[39m [32m'lucide-react'[39m[33m;[39m[0m
[0m [90m 5 |[39m[0m
[0m [90m 6 |[39m [36mimport[39m { cn } [36mfrom[39m [32m'@/lib/utils'[39m[33m;[39m[0m

[Test Mode] ./components/ui/pagination.tsx:39:23
Type error: Type '"size"' does not satisfy the constraint 'keyof ButtonProps'.

[0m [90m 37 |[39m type [33mPaginationLinkProps[39m [33m=[39m {[0m
[0m [90m 38 |[39m   isActive[33m?[39m[33m:[39m boolean[33m;[39m[0m
[0m[31m[1m>[22m[39m[90m 39 |[39m } [33m&[39m [33mPick[39m[33m<[39m[33mButtonProps[39m[33m,[39m [32m'size'[39m[33m>[39m [33m&[39m[0m
[0m [90m    |[39m                       [31m[1m^[22m[39m[0m
[0m [90m 40 |[39m   [33mReact[39m[33m.[39m[33mComponentProps[39m[33m<[39m[32m'a'[39m[33m>[39m[33m;[39m[0m
[0m [90m 41 |[39m[0m
[0m [90m 42 |[39m [36mconst[39m [33mPaginationLink[39m [33m=[39m ({[0m

[Test Mode] ./components/ui/pagination.tsx:68:5
Type error: 'size' is specified more than once, so this usage will be overwritten.

[0m [90m 66 |[39m   [33m<[39m[33mPaginationLink[39m[0m
[0m [90m 67 |[39m     aria[33m-[39mlabel[33m=[39m[32m"Go to previous page"[39m[0m
[0m[31m[1m>[22m[39m[90m 68 |[39m     size[33m=[39m[32m"default"[39m[0m
[0m [90m    |[39m     [31m[1m^[22m[39m[0m
[0m [90m 69 |[39m     className[33m=[39m{cn([32m'gap-1 pl-2.5'[39m[33m,[39m className)}[0m
[0m [90m 70 |[39m     {[33m...[39mprops}[0m
[0m [90m 71 |[39m   [33m>[39m[0m

[Test Mode] ./components/ui/pagination.tsx:84:5
Type error: 'size' is specified more than once, so this usage will be overwritten.

[0m [90m 82 |[39m   [33m<[39m[33mPaginationLink[39m[0m
[0m [90m 83 |[39m     aria[33m-[39mlabel[33m=[39m[32m"Go to next page"[39m[0m
[0m[31m[1m>[22m[39m[90m 84 |[39m     size[33m=[39m[32m"default"[39m[0m
[0m [90m    |[39m     [31m[1m^[22m[39m[0m
[0m [90m 85 |[39m     className[33m=[39m{cn([32m'gap-1 pr-2.5'[39m[33m,[39m className)}[0m
[0m [90m 86 |[39m     {[33m...[39mprops}[0m
[0m [90m 87 |[39m   [33m>[39m[0m

[Test Mode] ./components/ui/popover.tsx:4:35
Type error: Cannot find module '@radix-ui/react-popover' or its corresponding type declarations.

[0m [90m 2 |[39m[0m
[0m [90m 3 |[39m [36mimport[39m [33m*[39m [36mas[39m [33mReact[39m [36mfrom[39m [32m'react'[39m[33m;[39m[0m
[0m[31m[1m>[22m[39m[90m 4 |[39m [36mimport[39m [33m*[39m [36mas[39m [33mPopoverPrimitive[39m [36mfrom[39m [32m'@radix-ui/react-popover'[39m[33m;[39m[0m
[0m [90m   |[39m                                   [31m[1m^[22m[39m[0m
[0m [90m 5 |[39m[0m
[0m [90m 6 |[39m [36mimport[39m { cn } [36mfrom[39m [32m'@/lib/utils'[39m[33m;[39m[0m
[0m [90m 7 |[39m[0m

[Test Mode] ./components/ui/progress.tsx:4:36
Type error: Cannot find module '@radix-ui/react-progress' or its corresponding type declarations.

[0m [90m 2 |[39m[0m
[0m [90m 3 |[39m [36mimport[39m [33m*[39m [36mas[39m [33mReact[39m [36mfrom[39m [32m'react'[39m[33m;[39m[0m
[0m[31m[1m>[22m[39m[90m 4 |[39m [36mimport[39m [33m*[39m [36mas[39m [33mProgressPrimitive[39m [36mfrom[39m [32m'@radix-ui/react-progress'[39m[33m;[39m[0m
[0m [90m   |[39m                                    [31m[1m^[22m[39m[0m
[0m [90m 5 |[39m[0m
[0m [90m 6 |[39m [36mimport[39m { cn } [36mfrom[39m [32m'@/lib/utils'[39m[33m;[39m[0m
[0m [90m 7 |[39m[0m

[Test Mode] ./components/ui/radio-group.tsx:4:38
Type error: Cannot find module '@radix-ui/react-radio-group' or its corresponding type declarations.

[0m [90m 2 |[39m[0m
[0m [90m 3 |[39m [36mimport[39m [33m*[39m [36mas[39m [33mReact[39m [36mfrom[39m [32m'react'[39m[33m;[39m[0m
[0m[31m[1m>[22m[39m[90m 4 |[39m [36mimport[39m [33m*[39m [36mas[39m [33mRadioGroupPrimitive[39m [36mfrom[39m [32m'@radix-ui/react-radio-group'[39m[33m;[39m[0m
[0m [90m   |[39m                                      [31m[1m^[22m[39m[0m
[0m [90m 5 |[39m [36mimport[39m { [33mCircle[39m } [36mfrom[39m [32m'lucide-react'[39m[33m;[39m[0m
[0m [90m 6 |[39m[0m
[0m [90m 7 |[39m [36mimport[39m { cn } [36mfrom[39m [32m'@/lib/utils'[39m[33m;[39m[0m

[Test Mode] ./components/ui/resizable.tsx:4:37
Type error: Cannot find module 'react-resizable-panels' or its corresponding type declarations.

[0m [90m 2 |[39m[0m
[0m [90m 3 |[39m [36mimport[39m { [33mGripVertical[39m } [36mfrom[39m [32m'lucide-react'[39m[33m;[39m[0m
[0m[31m[1m>[22m[39m[90m 4 |[39m [36mimport[39m [33m*[39m [36mas[39m [33mResizablePrimitive[39m [36mfrom[39m [32m'react-resizable-panels'[39m[33m;[39m[0m
[0m [90m   |[39m                                     [31m[1m^[22m[39m[0m
[0m [90m 5 |[39m[0m
[0m [90m 6 |[39m [36mimport[39m { cn } [36mfrom[39m [32m'@/lib/utils'[39m[33m;[39m[0m
[0m [90m 7 |[39m[0m

[Test Mode] ./components/ui/scroll-area.tsx:4:38
Type error: Cannot find module '@radix-ui/react-scroll-area' or its corresponding type declarations.

[0m [90m 2 |[39m[0m
[0m [90m 3 |[39m [36mimport[39m [33m*[39m [36mas[39m [33mReact[39m [36mfrom[39m [32m'react'[39m[33m;[39m[0m
[0m[31m[1m>[22m[39m[90m 4 |[39m [36mimport[39m [33m*[39m [36mas[39m [33mScrollAreaPrimitive[39m [36mfrom[39m [32m'@radix-ui/react-scroll-area'[39m[33m;[39m[0m
[0m [90m   |[39m                                      [31m[1m^[22m[39m[0m
[0m [90m 5 |[39m[0m
[0m [90m 6 |[39m [36mimport[39m { cn } [36mfrom[39m [32m'@/lib/utils'[39m[33m;[39m[0m
[0m [90m 7 |[39m[0m

[Test Mode] ./components/ui/select.tsx:4:34
Type error: Cannot find module '@radix-ui/react-select' or its corresponding type declarations.

[0m [90m 2 |[39m[0m
[0m [90m 3 |[39m [36mimport[39m [33m*[39m [36mas[39m [33mReact[39m [36mfrom[39m [32m'react'[39m[33m;[39m[0m
[0m[31m[1m>[22m[39m[90m 4 |[39m [36mimport[39m [33m*[39m [36mas[39m [33mSelectPrimitive[39m [36mfrom[39m [32m'@radix-ui/react-select'[39m[33m;[39m[0m
[0m [90m   |[39m                                  [31m[1m^[22m[39m[0m
[0m [90m 5 |[39m [36mimport[39m { [33mCheck[39m[33m,[39m [33mChevronDown[39m[33m,[39m [33mChevronUp[39m } [36mfrom[39m [32m'lucide-react'[39m[33m;[39m[0m
[0m [90m 6 |[39m[0m
[0m [90m 7 |[39m [36mimport[39m { cn } [36mfrom[39m [32m'@/lib/utils'[39m[33m;[39m[0m

[Test Mode] ./components/ui/separator.tsx:4:37
Type error: Cannot find module '@radix-ui/react-separator' or its corresponding type declarations.

[0m [90m 2 |[39m[0m
[0m [90m 3 |[39m [36mimport[39m [33m*[39m [36mas[39m [33mReact[39m [36mfrom[39m [32m'react'[39m[33m;[39m[0m
[0m[31m[1m>[22m[39m[90m 4 |[39m [36mimport[39m [33m*[39m [36mas[39m [33mSeparatorPrimitive[39m [36mfrom[39m [32m'@radix-ui/react-separator'[39m[33m;[39m[0m
[0m [90m   |[39m                                     [31m[1m^[22m[39m[0m
[0m [90m 5 |[39m[0m
[0m [90m 6 |[39m [36mimport[39m { cn } [36mfrom[39m [32m'@/lib/utils'[39m[33m;[39m[0m
[0m [90m 7 |[39m[0m

[Test Mode] ./components/ui/sheet.tsx:5:40
Type error: Cannot find module 'class-variance-authority' or its corresponding type declarations.

[0m [90m 3 |[39m [36mimport[39m [33m*[39m [36mas[39m [33mReact[39m [36mfrom[39m [32m'react'[39m[33m;[39m[0m
[0m [90m 4 |[39m [36mimport[39m [33m*[39m [36mas[39m [33mSheetPrimitive[39m [36mfrom[39m [32m'@radix-ui/react-dialog'[39m[33m;[39m[0m
[0m[31m[1m>[22m[39m[90m 5 |[39m [36mimport[39m { cva[33m,[39m type [33mVariantProps[39m } [36mfrom[39m [32m'class-variance-authority'[39m[33m;[39m[0m
[0m [90m   |[39m                                        [31m[1m^[22m[39m[0m
[0m [90m 6 |[39m [36mimport[39m { [33mX[39m } [36mfrom[39m [32m'lucide-react'[39m[33m;[39m[0m
[0m [90m 7 |[39m[0m
[0m [90m 8 |[39m [36mimport[39m { cn } [36mfrom[39m [32m'@/lib/utils'[39m[33m;[39m[0m

[Test Mode] ./components/ui/sheet.tsx:59:6
Type error: Property 'side' does not exist on type 'SheetContentProps'.

[0m [90m 57 |[39m   [33mReact[39m[33m.[39m[33mElementRef[39m[33m<[39m[36mtypeof[39m [33mSheetPrimitive[39m[33m.[39m[33mContent[39m[33m>[39m[33m,[39m[0m
[0m [90m 58 |[39m   [33mSheetContentProps[39m[0m
[0m[31m[1m>[22m[39m[90m 59 |[39m [33m>[39m(({ side [33m=[39m [32m'right'[39m[33m,[39m className[33m,[39m children[33m,[39m [33m...[39mprops }[33m,[39m ref) [33m=>[39m ([0m
[0m [90m    |[39m      [31m[1m^[22m[39m[0m
[0m [90m 60 |[39m   [33m<[39m[33mSheetPortal[39m[33m>[39m[0m
[0m [90m 61 |[39m     [33m<[39m[33mSheetOverlay[39m [33m/[39m[33m>[39m[0m
[0m [90m 62 |[39m     [33m<[39m[33mSheetPrimitive[39m[33m.[39m[33mContent[39m[0m

[Test Mode] ./components/ui/slider.tsx:4:34
Type error: Cannot find module '@radix-ui/react-slider' or its corresponding type declarations.

[0m [90m 2 |[39m[0m
[0m [90m 3 |[39m [36mimport[39m [33m*[39m [36mas[39m [33mReact[39m [36mfrom[39m [32m'react'[39m[33m;[39m[0m
[0m[31m[1m>[22m[39m[90m 4 |[39m [36mimport[39m [33m*[39m [36mas[39m [33mSliderPrimitive[39m [36mfrom[39m [32m'@radix-ui/react-slider'[39m[33m;[39m[0m
[0m [90m   |[39m                                  [31m[1m^[22m[39m[0m
[0m [90m 5 |[39m[0m
[0m [90m 6 |[39m [36mimport[39m { cn } [36mfrom[39m [32m'@/lib/utils'[39m[33m;[39m[0m
[0m [90m 7 |[39m[0m

[Test Mode] ./components/ui/sonner.tsx:4:35
Type error: Cannot find module 'sonner' or its corresponding type declarations.

[0m [90m 2 |[39m[0m
[0m [90m 3 |[39m [36mimport[39m { useTheme } [36mfrom[39m [32m'next-themes'[39m[33m;[39m[0m
[0m[31m[1m>[22m[39m[90m 4 |[39m [36mimport[39m { [33mToaster[39m [36mas[39m [33mSonner[39m } [36mfrom[39m [32m'sonner'[39m[33m;[39m[0m
[0m [90m   |[39m                                   [31m[1m^[22m[39m[0m
[0m [90m 5 |[39m[0m
[0m [90m 6 |[39m type [33mToasterProps[39m [33m=[39m [33mReact[39m[33m.[39m[33mComponentProps[39m[33m<[39m[36mtypeof[39m [33mSonner[39m[33m>[39m[33m;[39m[0m
[0m [90m 7 |[39m[0m

[Test Mode] ./components/ui/switch.tsx:4:35
Type error: Cannot find module '@radix-ui/react-switch' or its corresponding type declarations.

[0m [90m 2 |[39m[0m
[0m [90m 3 |[39m [36mimport[39m [33m*[39m [36mas[39m [33mReact[39m [36mfrom[39m [32m'react'[39m[33m;[39m[0m
[0m[31m[1m>[22m[39m[90m 4 |[39m [36mimport[39m [33m*[39m [36mas[39m [33mSwitchPrimitives[39m [36mfrom[39m [32m'@radix-ui/react-switch'[39m[33m;[39m[0m
[0m [90m   |[39m                                   [31m[1m^[22m[39m[0m
[0m [90m 5 |[39m[0m
[0m [90m 6 |[39m [36mimport[39m { cn } [36mfrom[39m [32m'@/lib/utils'[39m[33m;[39m[0m
[0m [90m 7 |[39m[0m

[Test Mode] ./components/ui/tabs.tsx:4:32
Type error: Cannot find module '@radix-ui/react-tabs' or its corresponding type declarations.

[0m [90m 2 |[39m[0m
[0m [90m 3 |[39m [36mimport[39m [33m*[39m [36mas[39m [33mReact[39m [36mfrom[39m [32m'react'[39m[33m;[39m[0m
[0m[31m[1m>[22m[39m[90m 4 |[39m [36mimport[39m [33m*[39m [36mas[39m [33mTabsPrimitive[39m [36mfrom[39m [32m'@radix-ui/react-tabs'[39m[33m;[39m[0m
[0m [90m   |[39m                                [31m[1m^[22m[39m[0m
[0m [90m 5 |[39m[0m
[0m [90m 6 |[39m [36mimport[39m { cn } [36mfrom[39m [32m'@/lib/utils'[39m[33m;[39m[0m
[0m [90m 7 |[39m[0m

[Test Mode] ./components/ui/task-card.tsx:42:33
Type error: Parameter 'checked' implicitly has an 'any' type.

[0m [90m 40 |[39m             [33m<[39m[33mCheckbox[39m[0m
[0m [90m 41 |[39m               checked[33m=[39m{completed}[0m
[0m[31m[1m>[22m[39m[90m 42 |[39m               onCheckedChange[33m=[39m{(checked) [33m=>[39m onComplete(id[33m,[39m checked [36mas[39m boolean)}[0m
[0m [90m    |[39m                                 [31m[1m^[22m[39m[0m
[0m [90m 43 |[39m             [33m/[39m[33m>[39m[0m
[0m [90m 44 |[39m             [33m<[39m[33mCardTitle[39m className[33m=[39m{[32m`text-lg ${completed ? 'line-through' : ''}`[39m}[33m>[39m[0m
[0m [90m 45 |[39m               {title}[0m

[Test Mode] ./components/ui/task-card.tsx:49:21
Type error: Type '{ children: Element; variant: string; size: string; onClick: () => void; }' is not assignable to type 'IntrinsicAttributes & ButtonProps & RefAttributes<HTMLButtonElement>'.
  Property 'variant' does not exist on type 'IntrinsicAttributes & ButtonProps & RefAttributes<HTMLButtonElement>'.

[0m [90m 47 |[39m           [33m<[39m[33m/[39m[33mdiv[39m[33m>[39m[0m
[0m [90m 48 |[39m           [33m<[39m[33mdiv[39m className[33m=[39m[32m"flex space-x-2"[39m[33m>[39m[0m
[0m[31m[1m>[22m[39m[90m 49 |[39m             [33m<[39m[33mButton[39m variant[33m=[39m[32m"ghost"[39m size[33m=[39m[32m"icon"[39m onClick[33m=[39m{() [33m=>[39m onEdit(id)}[33m>[39m[0m
[0m [90m    |[39m                     [31m[1m^[22m[39m[0m
[0m [90m 50 |[39m               [33m<[39m[33mPencil[39m className[33m=[39m[32m"h-4 w-4"[39m [33m/[39m[33m>[39m[0m
[0m [90m 51 |[39m             [33m<[39m[33m/[39m[33mButton[39m[33m>[39m[0m
[0m [90m 52 |[39m             [33m<[39m[33mButton[39m variant[33m=[39m[32m"ghost"[39m size[33m=[39m[32m"icon"[39m onClick[33m=[39m{() [33m=>[39m onDelete(id)}[33m>[39m[0m

[Test Mode] ./components/ui/task-card.tsx:52:21
Type error: Type '{ children: Element; variant: string; size: string; onClick: () => void; }' is not assignable to type 'IntrinsicAttributes & ButtonProps & RefAttributes<HTMLButtonElement>'.
  Property 'variant' does not exist on type 'IntrinsicAttributes & ButtonProps & RefAttributes<HTMLButtonElement>'.

[0m [90m 50 |[39m               [33m<[39m[33mPencil[39m className[33m=[39m[32m"h-4 w-4"[39m [33m/[39m[33m>[39m[0m
[0m [90m 51 |[39m             [33m<[39m[33m/[39m[33mButton[39m[33m>[39m[0m
[0m[31m[1m>[22m[39m[90m 52 |[39m             [33m<[39m[33mButton[39m variant[33m=[39m[32m"ghost"[39m size[33m=[39m[32m"icon"[39m onClick[33m=[39m{() [33m=>[39m onDelete(id)}[33m>[39m[0m
[0m [90m    |[39m                     [31m[1m^[22m[39m[0m
[0m [90m 53 |[39m               [33m<[39m[33mTrash2[39m className[33m=[39m[32m"h-4 w-4"[39m [33m/[39m[33m>[39m[0m
[0m [90m 54 |[39m             [33m<[39m[33m/[39m[33mButton[39m[33m>[39m[0m
[0m [90m 55 |[39m           [33m<[39m[33m/[39m[33mdiv[39m[33m>[39m[0m

[Test Mode] ./components/ui/task-card.tsx:59:18
Type error: Type '{ children: string; variant: string; className: string; }' is not assignable to type 'IntrinsicAttributes & BadgeProps'.
  Property 'variant' does not exist on type 'IntrinsicAttributes & BadgeProps'.

[0m [90m 57 |[39m         [33m<[39m[33mCardContent[39m[33m>[39m[0m
[0m [90m 58 |[39m           {description [33m&&[39m [33m<[39m[33mp[39m className[33m=[39m[32m"text-sm text-muted-foreground"[39m[33m>[39m{description}[33m<[39m[33m/[39m[33mp[39m[33m>[39m}[0m
[0m[31m[1m>[22m[39m[90m 59 |[39m           [33m<[39m[33mBadge[39m variant[33m=[39m[32m"secondary"[39m className[33m=[39m[32m"mt-2"[39m[33m>[39m[0m
[0m [90m    |[39m                  [31m[1m^[22m[39m[0m
[0m [90m 60 |[39m             {category}[0m
[0m [90m 61 |[39m           [33m<[39m[33m/[39m[33mBadge[39m[33m>[39m[0m
[0m [90m 62 |[39m         [33m<[39m[33m/[39m[33mCardContent[39m[33m>[39m[0m

[Test Mode] ./components/ui/toast.tsx:4:34
Type error: Cannot find module '@radix-ui/react-toast' or its corresponding type declarations.

[0m [90m 2 |[39m[0m
[0m [90m 3 |[39m [36mimport[39m [33m*[39m [36mas[39m [33mReact[39m [36mfrom[39m [32m'react'[39m[33m;[39m[0m
[0m[31m[1m>[22m[39m[90m 4 |[39m [36mimport[39m [33m*[39m [36mas[39m [33mToastPrimitives[39m [36mfrom[39m [32m'@radix-ui/react-toast'[39m[33m;[39m[0m
[0m [90m   |[39m                                  [31m[1m^[22m[39m[0m
[0m [90m 5 |[39m [36mimport[39m { cva[33m,[39m type [33mVariantProps[39m } [36mfrom[39m [32m'class-variance-authority'[39m[33m;[39m[0m
[0m [90m 6 |[39m [36mimport[39m { [33mX[39m } [36mfrom[39m [32m'lucide-react'[39m[33m;[39m[0m
[0m [90m 7 |[39m[0m

[Test Mode] ./components/ui/toast.tsx:5:40
Type error: Cannot find module 'class-variance-authority' or its corresponding type declarations.

[0m [90m 3 |[39m [36mimport[39m [33m*[39m [36mas[39m [33mReact[39m [36mfrom[39m [32m'react'[39m[33m;[39m[0m
[0m [90m 4 |[39m [36mimport[39m [33m*[39m [36mas[39m [33mToastPrimitives[39m [36mfrom[39m [32m'@radix-ui/react-toast'[39m[33m;[39m[0m
[0m[31m[1m>[22m[39m[90m 5 |[39m [36mimport[39m { cva[33m,[39m type [33mVariantProps[39m } [36mfrom[39m [32m'class-variance-authority'[39m[33m;[39m[0m
[0m [90m   |[39m                                        [31m[1m^[22m[39m[0m
[0m [90m 6 |[39m [36mimport[39m { [33mX[39m } [36mfrom[39m [32m'lucide-react'[39m[33m;[39m[0m
[0m [90m 7 |[39m[0m
[0m [90m 8 |[39m [36mimport[39m { cn } [36mfrom[39m [32m'@/lib/utils'[39m[33m;[39m[0m

[Test Mode] ./components/ui/toggle-group.tsx:4:39
Type error: Cannot find module '@radix-ui/react-toggle-group' or its corresponding type declarations.

[0m [90m 2 |[39m[0m
[0m [90m 3 |[39m [36mimport[39m [33m*[39m [36mas[39m [33mReact[39m [36mfrom[39m [32m'react'[39m[33m;[39m[0m
[0m[31m[1m>[22m[39m[90m 4 |[39m [36mimport[39m [33m*[39m [36mas[39m [33mToggleGroupPrimitive[39m [36mfrom[39m [32m'@radix-ui/react-toggle-group'[39m[33m;[39m[0m
[0m [90m   |[39m                                       [31m[1m^[22m[39m[0m
[0m [90m 5 |[39m [36mimport[39m { type [33mVariantProps[39m } [36mfrom[39m [32m'class-variance-authority'[39m[33m;[39m[0m
[0m [90m 6 |[39m[0m
[0m [90m 7 |[39m [36mimport[39m { cn } [36mfrom[39m [32m'@/lib/utils'[39m[33m;[39m[0m

[Test Mode] ./components/ui/toggle-group.tsx:5:35
Type error: Cannot find module 'class-variance-authority' or its corresponding type declarations.

[0m [90m 3 |[39m [36mimport[39m [33m*[39m [36mas[39m [33mReact[39m [36mfrom[39m [32m'react'[39m[33m;[39m[0m
[0m [90m 4 |[39m [36mimport[39m [33m*[39m [36mas[39m [33mToggleGroupPrimitive[39m [36mfrom[39m [32m'@radix-ui/react-toggle-group'[39m[33m;[39m[0m
[0m[31m[1m>[22m[39m[90m 5 |[39m [36mimport[39m { type [33mVariantProps[39m } [36mfrom[39m [32m'class-variance-authority'[39m[33m;[39m[0m
[0m [90m   |[39m                                   [31m[1m^[22m[39m[0m
[0m [90m 6 |[39m[0m
[0m [90m 7 |[39m [36mimport[39m { cn } [36mfrom[39m [32m'@/lib/utils'[39m[33m;[39m[0m
[0m [90m 8 |[39m [36mimport[39m { toggleVariants } [36mfrom[39m [32m'@/components/ui/toggle'[39m[33m;[39m[0m

[Test Mode] ./components/ui/toggle.tsx:4:34
Type error: Cannot find module '@radix-ui/react-toggle' or its corresponding type declarations.

[0m [90m 2 |[39m[0m
[0m [90m 3 |[39m [36mimport[39m [33m*[39m [36mas[39m [33mReact[39m [36mfrom[39m [32m'react'[39m[33m;[39m[0m
[0m[31m[1m>[22m[39m[90m 4 |[39m [36mimport[39m [33m*[39m [36mas[39m [33mTogglePrimitive[39m [36mfrom[39m [32m'@radix-ui/react-toggle'[39m[33m;[39m[0m
[0m [90m   |[39m                                  [31m[1m^[22m[39m[0m
[0m [90m 5 |[39m [36mimport[39m { cva[33m,[39m type [33mVariantProps[39m } [36mfrom[39m [32m'class-variance-authority'[39m[33m;[39m[0m
[0m [90m 6 |[39m[0m
[0m [90m 7 |[39m [36mimport[39m { cn } [36mfrom[39m [32m'@/lib/utils'[39m[33m;[39m[0m

[Test Mode] ./components/ui/toggle.tsx:5:40
Type error: Cannot find module 'class-variance-authority' or its corresponding type declarations.

[0m [90m 3 |[39m [36mimport[39m [33m*[39m [36mas[39m [33mReact[39m [36mfrom[39m [32m'react'[39m[33m;[39m[0m
[0m [90m 4 |[39m [36mimport[39m [33m*[39m [36mas[39m [33mTogglePrimitive[39m [36mfrom[39m [32m'@radix-ui/react-toggle'[39m[33m;[39m[0m
[0m[31m[1m>[22m[39m[90m 5 |[39m [36mimport[39m { cva[33m,[39m type [33mVariantProps[39m } [36mfrom[39m [32m'class-variance-authority'[39m[33m;[39m[0m
[0m [90m   |[39m                                        [31m[1m^[22m[39m[0m
[0m [90m 6 |[39m[0m
[0m [90m 7 |[39m [36mimport[39m { cn } [36mfrom[39m [32m'@/lib/utils'[39m[33m;[39m[0m
[0m [90m 8 |[39m[0m

[Test Mode] ./components/ui/tooltip.tsx:4:35
Type error: Cannot find module '@radix-ui/react-tooltip' or its corresponding type declarations.

[0m [90m 2 |[39m[0m
[0m [90m 3 |[39m [36mimport[39m [33m*[39m [36mas[39m [33mReact[39m [36mfrom[39m [32m'react'[39m[33m;[39m[0m
[0m[31m[1m>[22m[39m[90m 4 |[39m [36mimport[39m [33m*[39m [36mas[39m [33mTooltipPrimitive[39m [36mfrom[39m [32m'@radix-ui/react-tooltip'[39m[33m;[39m[0m
[0m [90m   |[39m                                   [31m[1m^[22m[39m[0m
[0m [90m 5 |[39m[0m
[0m [90m 6 |[39m [36mimport[39m { cn } [36mfrom[39m [32m'@/lib/utils'[39m[33m;[39m[0m
[0m [90m 7 |[39m[0m

[Test Mode] ./components/ui/use-toast.ts:158:22
Type error: Parameter 'open' implicitly has an 'any' type.

[0m [90m 156 |[39m       id[33m,[39m[0m
[0m [90m 157 |[39m       open[33m:[39m [36mtrue[39m[33m,[39m[0m
[0m[31m[1m>[22m[39m[90m 158 |[39m       onOpenChange[33m:[39m (open) [33m=>[39m {[0m
[0m [90m     |[39m                      [31m[1m^[22m[39m[0m
[0m [90m 159 |[39m         [36mif[39m ([33m![39mopen) dismiss()[33m;[39m[0m
[0m [90m 160 |[39m       }[33m,[39m[0m
[0m [90m 161 |[39m     }[33m,[39m[0m

[Test Mode] ./hooks/use-toast.ts:158:22
Type error: Parameter 'open' implicitly has an 'any' type.

[0m [90m 156 |[39m       id[33m,[39m[0m
[0m [90m 157 |[39m       open[33m:[39m [36mtrue[39m[33m,[39m[0m
[0m[31m[1m>[22m[39m[90m 158 |[39m       onOpenChange[33m:[39m (open) [33m=>[39m {[0m
[0m [90m     |[39m                      [31m[1m^[22m[39m[0m
[0m [90m 159 |[39m         [36mif[39m ([33m![39mopen) dismiss()[33m;[39m[0m
[0m [90m 160 |[39m       }[33m,[39m[0m
[0m [90m 161 |[39m     }[33m,[39m[0m

[Test Mode] ./lib/db.ts:1:30
Type error: Cannot find module '@prisma/client' or its corresponding type declarations.

[0m[31m[1m>[22m[39m[90m 1 |[39m [36mimport[39m { [33mPrismaClient[39m } [36mfrom[39m [32m'@prisma/client'[39m[0m
[0m [90m   |[39m                              [31m[1m^[22m[39m[0m
[0m [90m 2 |[39m[0m
[0m [90m 3 |[39m [36mconst[39m globalForPrisma [33m=[39m globalThis [36mas[39m unknown [36mas[39m {[0m
[0m [90m 4 |[39m   prisma[33m:[39m [33mPrismaClient[39m [33m|[39m undefined[0m

===== TS errors =====


Failed to compile.

./components/ui/alert.tsx:2:40
Type error: Cannot find module 'class-variance-authority' or its corresponding type declarations.

[0m [90m 1 |[39m [36mimport[39m [33m*[39m [36mas[39m [33mReact[39m [36mfrom[39m [32m'react'[39m[33m;[39m[0m
[0m[31m[1m>[22m[39m[90m 2 |[39m [36mimport[39m { cva[33m,[39m type [33mVariantProps[39m } [36mfrom[39m [32m'class-variance-authority'[39m[33m;[39m[0m
[0m [90m   |[39m                                        [31m[1m^[22m[39m[0m
[0m [90m 3 |[39m[0m
[0m [90m 4 |[39m [36mimport[39m { cn } [36mfrom[39m [32m'@/lib/utils'[39m[33m;[39m[0m
[0m [90m 5 |[39m[0m
Next.js build worker exited with code: 1 and signal: null
error Command failed with exit code 1.
