yarn run v1.22.22
$ next build
  ▲ Next.js 14.2.28
  - Experiments (use with caution):
    · outputFileTracingRoot

   Creating an optimized production build ...
 ✓ Compiled successfully
   Skipping linting
   Checking validity of types ...
   Collecting page data ...
   Generating static pages (0/4) ...
   Generating static pages (1/4) 
   Generating static pages (2/4) 
   Generating static pages (3/4) 
 ✓ Generating static pages (4/4)
   Finalizing page optimization ...
   Collecting build traces ...

Route (app)                              Size     First Load JS
┌ ○ /                                    8.29 kB        95.4 kB
└ ○ /_not-found                          871 B            88 kB
+ First Load JS shared by all            87.1 kB
  ├ chunks/275-8ce09e51033197a3.js       31.6 kB
  ├ chunks/a0b5f63a-be1bf4c3e8293b17.js  53.6 kB
  └ other shared chunks (total)          1.86 kB


○  (Static)  prerendered as static content

Done in 12.41s.
