yarn run v1.22.22
$ next dev
  ▲ Next.js 14.2.28
  - Local:        http://localhost:3000
  - Environments: .env.local
  - Experiments (use with caution):
    · outputFileTracingRoot

 ✓ Starting...
 ✓ Ready in 2.4s
 ○ Compiling / ...
 ✓ Compiled / in 5.3s (1068 modules)
 HEAD / 200 in 5556ms
 ✓ Compiled in 569ms (538 modules)
 GET / 200 in 93ms
 ○ Compiling /api/chat ...
 ✓ Compiled /api/chat in 1063ms (143 modules)
 POST /api/chat 500 in 1340ms
 GET / 200 in 32ms
 POST /api/chat 500 in 87ms
 GET / 200 in 34ms
 GET / 200 in 40ms
 GET / 200 in 25ms
 ✓ Compiled in 511ms (538 modules)
 ✓ Compiled in 303ms (538 modules)
 ✓ Compiled in 268ms (538 modules)
 ✓ Compiled in 271ms (538 modules)
 ✓ Compiled in 258ms (538 modules)
 ✓ Compiled in 736ms (457 modules)
 ✓ Compiled in 899ms (464 modules)
 ✓ Compiled in 994ms (478 modules)
 ✓ Compiled in 320ms (247 modules)
 ✓ Compiled in 253ms (247 modules)
 GET / 200 in 171ms
 ○ Compiling /middleware ...
 ✓ Compiled /middleware in 696ms (73 modules)
{
  "timestamp": "2025-05-08T05:39:32.353Z",
  "level": "info",
  "message": "Incoming request",
  "meta": {
    "url": "https://localhost:3000/api/chat",
    "method": "POST"
  }
}
 ○ Compiling /api/chat ...
 ✓ Compiled /api/chat in 551ms (263 modules)
{
  "timestamp": "2025-05-08T05:39:33.146Z",
  "level": "info",
  "message": "API key validation result",
  "meta": {
    "isValid": false
  }
}
 POST /api/chat 401 in 791ms
 GET / 200 in 103ms
{
  "timestamp": "2025-05-08T05:41:03.744Z",
  "level": "info",
  "message": "Incoming request",
  "meta": {
    "url": "https://localhost:3000/api/chat",
    "method": "POST"
  }
}
{
  "timestamp": "2025-05-08T05:41:03.789Z",
  "level": "info",
  "message": "API key validation result",
  "meta": {
    "isValid": false
  }
}
 POST /api/chat 401 in 28ms
   Reload env: .env.local
 ✓ Compiled in 456ms (537 modules)
 ✓ Compiled in 341ms (247 modules)
 ✓ Compiled in 296ms (247 modules)
 ✓ Compiled in 462ms (478 modules)
 ✓ Compiled in 505ms (247 modules)
 ✓ Compiled in 222ms (247 modules)
 ✓ Compiled in 217ms (247 modules)
  ▲ Next.js 14.2.28
  - Local:        http://localhost:3000
  - Environments: .env.local

 ✓ Starting...
It looks like you're trying to use TypeScript but do not have the required package(s) installed.
Installing dependencies

If you are not trying to use TypeScript, please remove the tsconfig.json file from your package root (and any TypeScript files in your pages directory).


Installing devDependencies (yarn):
- typescript
- @types/react

[1/4] Resolving packages...
[2/4] Fetching packages...
info There appears to be trouble with your network connection. Retrying...
info Visit https://yarnpkg.com/en/docs/cli/add for documentation about this command.
[?25h
Done in 1018.32s.
